{"C:\\Users\\USER\\OneDrive\\Desktop\\my-Brand API\\my-brand-api\\src\\app.ts": {"path":"C:\\Users\\USER\\OneDrive\\Desktop\\my-Brand API\\my-brand-api\\src\\app.ts","statementMap":{"0":{"start":{"line":1,"column":0},"end":{"line":1,"column":66}},"1":{"start":{"line":3,"column":0},"end":{"line":3,"column":38}},"2":{"start":{"line":4,"column":0},"end":{"line":4,"column":28}},"3":{"start":{"line":5,"column":0},"end":{"line":5,"column":24}},"4":{"start":{"line":6,"column":0},"end":{"line":6,"column":55}},"5":{"start":{"line":7,"column":0},"end":{"line":7,"column":43}},"6":{"start":{"line":8,"column":0},"end":{"line":8,"column":49}},"7":{"start":{"line":12,"column":0},"end":{"line":12,"column":44}},"8":{"start":{"line":13,"column":0},"end":{"line":13,"column":44}},"9":{"start":{"line":14,"column":0},"end":{"line":14,"column":50}},"10":{"start":{"line":16,"column":0},"end":{"line":16,"column":40}},"11":{"start":{"line":17,"column":0},"end":{"line":17,"column":38}},"12":{"start":{"line":20,"column":0},"end":{"line":20,"column":16}},"13":{"start":{"line":22,"column":0},"end":{"line":22,"column":12}},"14":{"start":{"line":23,"column":25},"end":{"line":23,"column":34}},"15":{"start":{"line":24,"column":13},"end":{"line":24,"column":37}},"16":{"start":{"line":26,"column":0},"end":{"line":26,"column":16}},"17":{"start":{"line":27,"column":0},"end":{"line":27,"column":24}},"18":{"start":{"line":28,"column":0},"end":{"line":28,"column":33}},"19":{"start":{"line":29,"column":0},"end":{"line":29,"column":33}},"20":{"start":{"line":30,"column":0},"end":{"line":30,"column":39}},"21":{"start":{"line":31,"column":0},"end":{"line":31,"column":22}},"22":{"start":{"line":32,"column":0},"end":{"line":32,"column":24}},"23":{"start":{"line":33,"column":0},"end":{"line":33,"column":68}},"24":{"start":{"line":35,"column":23},"end":{"line":37,"column":2}},"25":{"start":{"line":36,"column":2},"end":{"line":36,"column":64}},"26":{"start":{"line":38,"column":0},"end":{"line":38,"column":22}}},"fnMap":{"0":{"name":"(anonymous_1)","decl":{"start":{"line":35,"column":40},"end":{"line":35,"column":43}},"loc":{"start":{"line":35,"column":45},"end":{"line":37,"column":1}}}},"branchMap":{"0":{"loc":{"start":{"line":24,"column":13},"end":{"line":24,"column":37}},"type":"binary-expr","locations":[{"start":{"line":24,"column":13},"end":{"line":24,"column":29}},{"start":{"line":24,"column":33},"end":{"line":24,"column":37}}]}},"s":{"0":1,"1":1,"2":1,"3":1,"4":1,"5":1,"6":1,"7":1,"8":1,"9":1,"10":1,"11":1,"12":1,"13":1,"14":1,"15":1,"16":1,"17":1,"18":1,"19":1,"20":1,"21":1,"22":1,"23":1,"24":1,"25":1,"26":1},"f":{"0":1},"b":{"0":[1,0]}}
,"C:\\Users\\USER\\OneDrive\\Desktop\\my-Brand API\\my-brand-api\\src\\api-docs\\swagger.ts": {"path":"C:\\Users\\USER\\OneDrive\\Desktop\\my-Brand API\\my-brand-api\\src\\api-docs\\swagger.ts","statementMap":{"0":{"start":{"line":1,"column":0},"end":{"line":1,"column":41}},"1":{"start":{"line":3,"column":45},"end":{"line":28,"column":2}},"2":{"start":{"line":30,"column":13},"end":{"line":30,"column":56}}},"fnMap":{},"branchMap":{},"s":{"0":1,"1":1,"2":1},"f":{},"b":{}}
,"C:\\Users\\USER\\OneDrive\\Desktop\\my-Brand API\\my-brand-api\\src\\controller\\blogCtrl.ts": {"path":"C:\\Users\\USER\\OneDrive\\Desktop\\my-Brand API\\my-brand-api\\src\\controller\\blogCtrl.ts","statementMap":{"0":{"start":{"line":2,"column":0},"end":{"line":2,"column":42}},"1":{"start":{"line":3,"column":0},"end":{"line":3,"column":42}},"2":{"start":{"line":83,"column":4},"end":{"line":106,"column":5}},"3":{"start":{"line":84,"column":54},"end":{"line":84,"column":62}},"4":{"start":{"line":85,"column":6},"end":{"line":89,"column":7}},"5":{"start":{"line":86,"column":8},"end":{"line":88,"column":11}},"6":{"start":{"line":91,"column":27},"end":{"line":91,"column":60}},"7":{"start":{"line":92,"column":6},"end":{"line":96,"column":7}},"8":{"start":{"line":93,"column":8},"end":{"line":95,"column":11}},"9":{"start":{"line":97,"column":22},"end":{"line":97,"column":75}},"10":{"start":{"line":98,"column":6},"end":{"line":98,"column":27}},"11":{"start":{"line":99,"column":6},"end":{"line":103,"column":7}},"12":{"start":{"line":105,"column":6},"end":{"line":105,"column":66}},"13":{"start":{"line":150,"column":4},"end":{"line":155,"column":5}},"14":{"start":{"line":151,"column":20},"end":{"line":151,"column":41}},"15":{"start":{"line":152,"column":6},"end":{"line":152,"column":34}},"16":{"start":{"line":154,"column":6},"end":{"line":154,"column":61}},"17":{"start":{"line":214,"column":4},"end":{"line":223,"column":5}},"18":{"start":{"line":215,"column":21},"end":{"line":215,"column":31}},"19":{"start":{"line":216,"column":19},"end":{"line":216,"column":46}},"20":{"start":{"line":217,"column":6},"end":{"line":219,"column":7}},"21":{"start":{"line":218,"column":8},"end":{"line":218,"column":72}},"22":{"start":{"line":220,"column":6},"end":{"line":220,"column":33}},"23":{"start":{"line":222,"column":6},"end":{"line":222,"column":68}},"24":{"start":{"line":296,"column":19},"end":{"line":296,"column":32}},"25":{"start":{"line":297,"column":52},"end":{"line":297,"column":60}},"26":{"start":{"line":298,"column":4},"end":{"line":322,"column":5}},"27":{"start":{"line":299,"column":19},"end":{"line":299,"column":50}},"28":{"start":{"line":300,"column":6},"end":{"line":304,"column":7}},"29":{"start":{"line":301,"column":8},"end":{"line":303,"column":11}},"30":{"start":{"line":305,"column":6},"end":{"line":307,"column":7}},"31":{"start":{"line":306,"column":8},"end":{"line":306,"column":27}},"32":{"start":{"line":308,"column":6},"end":{"line":310,"column":7}},"33":{"start":{"line":309,"column":8},"end":{"line":309,"column":33}},"34":{"start":{"line":311,"column":6},"end":{"line":313,"column":7}},"35":{"start":{"line":312,"column":8},"end":{"line":312,"column":27}},"36":{"start":{"line":314,"column":6},"end":{"line":316,"column":7}},"37":{"start":{"line":315,"column":8},"end":{"line":315,"column":39}},"38":{"start":{"line":318,"column":6},"end":{"line":318,"column":24}},"39":{"start":{"line":319,"column":6},"end":{"line":319,"column":33}},"40":{"start":{"line":321,"column":6},"end":{"line":321,"column":42}},"41":{"start":{"line":373,"column":4},"end":{"line":381,"column":5}},"42":{"start":{"line":374,"column":26},"end":{"line":374,"column":73}},"43":{"start":{"line":375,"column":6},"end":{"line":377,"column":7}},"44":{"start":{"line":376,"column":8},"end":{"line":376,"column":71}},"45":{"start":{"line":378,"column":6},"end":{"line":378,"column":65}},"46":{"start":{"line":380,"column":6},"end":{"line":380,"column":78}},"47":{"start":{"line":384,"column":0},"end":{"line":384,"column":30}}},"fnMap":{"0":{"name":"(anonymous_8)","decl":{"start":{"line":82,"column":8},"end":{"line":82,"column":18}},"loc":{"start":{"line":82,"column":46},"end":{"line":107,"column":null}}},"1":{"name":"(anonymous_10)","decl":{"start":{"line":149,"column":8},"end":{"line":149,"column":20}},"loc":{"start":{"line":149,"column":48},"end":{"line":156,"column":null}}},"2":{"name":"(anonymous_12)","decl":{"start":{"line":213,"column":8},"end":{"line":213,"column":18}},"loc":{"start":{"line":213,"column":46},"end":{"line":224,"column":null}}},"3":{"name":"(anonymous_14)","decl":{"start":{"line":295,"column":8},"end":{"line":295,"column":18}},"loc":{"start":{"line":295,"column":46},"end":{"line":323,"column":null}}},"4":{"name":"(anonymous_16)","decl":{"start":{"line":372,"column":8},"end":{"line":372,"column":18}},"loc":{"start":{"line":372,"column":46},"end":{"line":382,"column":null}}}},"branchMap":{"0":{"loc":{"start":{"line":85,"column":6},"end":{"line":89,"column":7}},"type":"if","locations":[{"start":{"line":85,"column":6},"end":{"line":89,"column":7}}]},"1":{"loc":{"start":{"line":85,"column":10},"end":{"line":85,"column":55}},"type":"binary-expr","locations":[{"start":{"line":85,"column":10},"end":{"line":85,"column":16}},{"start":{"line":85,"column":20},"end":{"line":85,"column":29}},{"start":{"line":85,"column":33},"end":{"line":85,"column":39}},{"start":{"line":85,"column":43},"end":{"line":85,"column":55}}]},"2":{"loc":{"start":{"line":92,"column":6},"end":{"line":96,"column":7}},"type":"if","locations":[{"start":{"line":92,"column":6},"end":{"line":96,"column":7}}]},"3":{"loc":{"start":{"line":217,"column":6},"end":{"line":219,"column":7}},"type":"if","locations":[{"start":{"line":217,"column":6},"end":{"line":219,"column":7}}]},"4":{"loc":{"start":{"line":300,"column":6},"end":{"line":304,"column":7}},"type":"if","locations":[{"start":{"line":300,"column":6},"end":{"line":304,"column":7}}]},"5":{"loc":{"start":{"line":305,"column":6},"end":{"line":307,"column":7}},"type":"if","locations":[{"start":{"line":305,"column":6},"end":{"line":307,"column":7}}]},"6":{"loc":{"start":{"line":308,"column":6},"end":{"line":310,"column":7}},"type":"if","locations":[{"start":{"line":308,"column":6},"end":{"line":310,"column":7}}]},"7":{"loc":{"start":{"line":311,"column":6},"end":{"line":313,"column":7}},"type":"if","locations":[{"start":{"line":311,"column":6},"end":{"line":313,"column":7}}]},"8":{"loc":{"start":{"line":314,"column":6},"end":{"line":316,"column":7}},"type":"if","locations":[{"start":{"line":314,"column":6},"end":{"line":316,"column":7}}]},"9":{"loc":{"start":{"line":375,"column":6},"end":{"line":377,"column":7}},"type":"if","locations":[{"start":{"line":375,"column":6},"end":{"line":377,"column":7}}]}},"s":{"0":1,"1":1,"2":3,"3":3,"4":3,"5":1,"6":2,"7":2,"8":1,"9":1,"10":1,"11":1,"12":0,"13":1,"14":1,"15":1,"16":0,"17":0,"18":0,"19":0,"20":0,"21":0,"22":0,"23":0,"24":2,"25":2,"26":2,"27":2,"28":2,"29":1,"30":1,"31":1,"32":1,"33":1,"34":1,"35":1,"36":1,"37":1,"38":1,"39":1,"40":0,"41":2,"42":2,"43":2,"44":1,"45":1,"46":0,"47":1},"f":{"0":3,"1":1,"2":0,"3":2,"4":2},"b":{"0":[1],"1":[3,2,2,2],"2":[1],"3":[0],"4":[1],"5":[1],"6":[1],"7":[1],"8":[1],"9":[1]}}
,"C:\\Users\\USER\\OneDrive\\Desktop\\my-Brand API\\my-brand-api\\src\\controller\\commentCtrl.ts": {"path":"C:\\Users\\USER\\OneDrive\\Desktop\\my-Brand API\\my-brand-api\\src\\controller\\commentCtrl.ts","statementMap":{"0":{"start":{"line":4,"column":0},"end":{"line":4,"column":40}},"1":{"start":{"line":54,"column":4},"end":{"line":71,"column":5}},"2":{"start":{"line":55,"column":32},"end":{"line":55,"column":40}},"3":{"start":{"line":57,"column":6},"end":{"line":59,"column":7}},"4":{"start":{"line":58,"column":8},"end":{"line":58,"column":76}},"5":{"start":{"line":62,"column":25},"end":{"line":65,"column":8}},"6":{"start":{"line":66,"column":6},"end":{"line":66,"column":30}},"7":{"start":{"line":67,"column":6},"end":{"line":67,"column":39}},"8":{"start":{"line":69,"column":6},"end":{"line":69,"column":27}},"9":{"start":{"line":70,"column":6},"end":{"line":70,"column":69}},"10":{"start":{"line":148,"column":4},"end":{"line":154,"column":5}},"11":{"start":{"line":149,"column":23},"end":{"line":149,"column":43}},"12":{"start":{"line":150,"column":6},"end":{"line":150,"column":37}},"13":{"start":{"line":152,"column":6},"end":{"line":152,"column":27}},"14":{"start":{"line":153,"column":6},"end":{"line":153,"column":67}},"15":{"start":{"line":208,"column":19},"end":{"line":208,"column":29}},"16":{"start":{"line":210,"column":4},"end":{"line":219,"column":5}},"17":{"start":{"line":211,"column":22},"end":{"line":211,"column":48}},"18":{"start":{"line":212,"column":6},"end":{"line":214,"column":7}},"19":{"start":{"line":213,"column":8},"end":{"line":213,"column":70}},"20":{"start":{"line":215,"column":6},"end":{"line":215,"column":36}},"21":{"start":{"line":217,"column":6},"end":{"line":217,"column":27}},"22":{"start":{"line":218,"column":6},"end":{"line":218,"column":77}},"23":{"start":{"line":290,"column":19},"end":{"line":290,"column":29}},"24":{"start":{"line":291,"column":30},"end":{"line":291,"column":38}},"25":{"start":{"line":293,"column":4},"end":{"line":314,"column":5}},"26":{"start":{"line":294,"column":22},"end":{"line":294,"column":48}},"27":{"start":{"line":295,"column":6},"end":{"line":297,"column":7}},"28":{"start":{"line":296,"column":8},"end":{"line":296,"column":70}},"29":{"start":{"line":299,"column":6},"end":{"line":301,"column":7}},"30":{"start":{"line":300,"column":8},"end":{"line":300,"column":28}},"31":{"start":{"line":303,"column":6},"end":{"line":305,"column":7}},"32":{"start":{"line":304,"column":8},"end":{"line":304,"column":34}},"33":{"start":{"line":307,"column":6},"end":{"line":307,"column":27}},"34":{"start":{"line":308,"column":6},"end":{"line":310,"column":68}},"35":{"start":{"line":312,"column":6},"end":{"line":312,"column":27}},"36":{"start":{"line":313,"column":6},"end":{"line":313,"column":73}},"37":{"start":{"line":366,"column":19},"end":{"line":366,"column":29}},"38":{"start":{"line":368,"column":4},"end":{"line":378,"column":5}},"39":{"start":{"line":369,"column":29},"end":{"line":369,"column":64}},"40":{"start":{"line":370,"column":6},"end":{"line":372,"column":7}},"41":{"start":{"line":371,"column":8},"end":{"line":371,"column":70}},"42":{"start":{"line":374,"column":6},"end":{"line":374,"column":72}},"43":{"start":{"line":376,"column":6},"end":{"line":376,"column":27}},"44":{"start":{"line":377,"column":6},"end":{"line":377,"column":73}},"45":{"start":{"line":382,"column":0},"end":{"line":382,"column":33}}},"fnMap":{"0":{"name":"(anonymous_8)","decl":{"start":{"line":53,"column":8},"end":{"line":53,"column":21}},"loc":{"start":{"line":53,"column":49},"end":{"line":72,"column":null}}},"1":{"name":"(anonymous_10)","decl":{"start":{"line":147,"column":8},"end":{"line":147,"column":23}},"loc":{"start":{"line":147,"column":51},"end":{"line":155,"column":null}}},"2":{"name":"(anonymous_12)","decl":{"start":{"line":207,"column":8},"end":{"line":207,"column":21}},"loc":{"start":{"line":207,"column":49},"end":{"line":220,"column":null}}},"3":{"name":"(anonymous_14)","decl":{"start":{"line":289,"column":8},"end":{"line":289,"column":21}},"loc":{"start":{"line":289,"column":49},"end":{"line":315,"column":null}}},"4":{"name":"(anonymous_16)","decl":{"start":{"line":365,"column":8},"end":{"line":365,"column":21}},"loc":{"start":{"line":365,"column":49},"end":{"line":379,"column":null}}}},"branchMap":{"0":{"loc":{"start":{"line":57,"column":6},"end":{"line":59,"column":7}},"type":"if","locations":[{"start":{"line":57,"column":6},"end":{"line":59,"column":7}}]},"1":{"loc":{"start":{"line":57,"column":10},"end":{"line":57,"column":27}},"type":"binary-expr","locations":[{"start":{"line":57,"column":10},"end":{"line":57,"column":15}},{"start":{"line":57,"column":19},"end":{"line":57,"column":27}}]},"2":{"loc":{"start":{"line":212,"column":6},"end":{"line":214,"column":7}},"type":"if","locations":[{"start":{"line":212,"column":6},"end":{"line":214,"column":7}}]},"3":{"loc":{"start":{"line":295,"column":6},"end":{"line":297,"column":7}},"type":"if","locations":[{"start":{"line":295,"column":6},"end":{"line":297,"column":7}}]},"4":{"loc":{"start":{"line":299,"column":6},"end":{"line":301,"column":7}},"type":"if","locations":[{"start":{"line":299,"column":6},"end":{"line":301,"column":7}}]},"5":{"loc":{"start":{"line":303,"column":6},"end":{"line":305,"column":7}},"type":"if","locations":[{"start":{"line":303,"column":6},"end":{"line":305,"column":7}}]},"6":{"loc":{"start":{"line":370,"column":6},"end":{"line":372,"column":7}},"type":"if","locations":[{"start":{"line":370,"column":6},"end":{"line":372,"column":7}}]}},"s":{"0":1,"1":0,"2":0,"3":0,"4":0,"5":0,"6":0,"7":0,"8":0,"9":0,"10":0,"11":0,"12":0,"13":0,"14":0,"15":0,"16":0,"17":0,"18":0,"19":0,"20":0,"21":0,"22":0,"23":0,"24":0,"25":0,"26":0,"27":0,"28":0,"29":0,"30":0,"31":0,"32":0,"33":0,"34":0,"35":0,"36":0,"37":0,"38":0,"39":0,"40":0,"41":0,"42":0,"43":0,"44":0,"45":1},"f":{"0":0,"1":0,"2":0,"3":0,"4":0},"b":{"0":[0],"1":[0,0],"2":[0],"3":[0],"4":[0],"5":[0],"6":[0]}}
,"C:\\Users\\USER\\OneDrive\\Desktop\\my-Brand API\\my-brand-api\\src\\controller\\userCtrl.ts": {"path":"C:\\Users\\USER\\OneDrive\\Desktop\\my-Brand API\\my-brand-api\\src\\controller\\userCtrl.ts","statementMap":{"0":{"start":{"line":3,"column":0},"end":{"line":3,"column":38}},"1":{"start":{"line":4,"column":0},"end":{"line":4,"column":28}},"2":{"start":{"line":5,"column":0},"end":{"line":5,"column":31}},"3":{"start":{"line":6,"column":0},"end":{"line":6,"column":38}},"4":{"start":{"line":9,"column":23},"end":{"line":9,"column":31}},"5":{"start":{"line":80,"column":4},"end":{"line":106,"column":5}},"6":{"start":{"line":81,"column":44},"end":{"line":81,"column":52}},"7":{"start":{"line":83,"column":6},"end":{"line":85,"column":7}},"8":{"start":{"line":84,"column":8},"end":{"line":84,"column":76}},"9":{"start":{"line":87,"column":27},"end":{"line":87,"column":61}},"10":{"start":{"line":88,"column":6},"end":{"line":92,"column":7}},"11":{"start":{"line":89,"column":8},"end":{"line":91,"column":65}},"12":{"start":{"line":93,"column":29},"end":{"line":93,"column":60}},"13":{"start":{"line":96,"column":22},"end":{"line":100,"column":8}},"14":{"start":{"line":101,"column":6},"end":{"line":101,"column":27}},"15":{"start":{"line":102,"column":6},"end":{"line":102,"column":36}},"16":{"start":{"line":104,"column":6},"end":{"line":104,"column":27}},"17":{"start":{"line":105,"column":6},"end":{"line":105,"column":74}},"18":{"start":{"line":172,"column":4},"end":{"line":200,"column":5}},"19":{"start":{"line":173,"column":44},"end":{"line":173,"column":52}},"20":{"start":{"line":175,"column":6},"end":{"line":179,"column":7}},"21":{"start":{"line":176,"column":8},"end":{"line":178,"column":65}},"22":{"start":{"line":181,"column":19},"end":{"line":183,"column":41}},"23":{"start":{"line":184,"column":6},"end":{"line":186,"column":7}},"24":{"start":{"line":185,"column":8},"end":{"line":185,"column":78}},"25":{"start":{"line":187,"column":28},"end":{"line":187,"column":73}},"26":{"start":{"line":188,"column":6},"end":{"line":190,"column":7}},"27":{"start":{"line":189,"column":8},"end":{"line":189,"column":69}},"28":{"start":{"line":192,"column":20},"end":{"line":194,"column":8}},"29":{"start":{"line":196,"column":6},"end":{"line":196,"column":74}},"30":{"start":{"line":198,"column":6},"end":{"line":198,"column":27}},"31":{"start":{"line":199,"column":6},"end":{"line":199,"column":61}},"32":{"start":{"line":242,"column":4},"end":{"line":248,"column":5}},"33":{"start":{"line":243,"column":20},"end":{"line":243,"column":39}},"34":{"start":{"line":244,"column":6},"end":{"line":244,"column":34}},"35":{"start":{"line":246,"column":6},"end":{"line":246,"column":27}},"36":{"start":{"line":247,"column":6},"end":{"line":247,"column":64}},"37":{"start":{"line":323,"column":20},"end":{"line":323,"column":30}},"38":{"start":{"line":324,"column":44},"end":{"line":324,"column":52}},"39":{"start":{"line":325,"column":4},"end":{"line":355,"column":5}},"40":{"start":{"line":326,"column":26},"end":{"line":326,"column":55}},"41":{"start":{"line":327,"column":6},"end":{"line":329,"column":7}},"42":{"start":{"line":328,"column":8},"end":{"line":328,"column":78}},"43":{"start":{"line":330,"column":29},"end":{"line":330,"column":60}},"44":{"start":{"line":332,"column":6},"end":{"line":334,"column":7}},"45":{"start":{"line":333,"column":8},"end":{"line":333,"column":75}},"46":{"start":{"line":336,"column":6},"end":{"line":338,"column":7}},"47":{"start":{"line":337,"column":8},"end":{"line":337,"column":null}},"48":{"start":{"line":339,"column":6},"end":{"line":341,"column":7}},"49":{"start":{"line":340,"column":8},"end":{"line":340,"column":null}},"50":{"start":{"line":342,"column":6},"end":{"line":344,"column":7}},"51":{"start":{"line":343,"column":8},"end":{"line":343,"column":null}},"52":{"start":{"line":346,"column":6},"end":{"line":346,"column":null}},"53":{"start":{"line":347,"column":6},"end":{"line":349,"column":76}},"54":{"start":{"line":351,"column":6},"end":{"line":351,"column":27}},"55":{"start":{"line":352,"column":6},"end":{"line":354,"column":68}},"56":{"start":{"line":407,"column":4},"end":{"line":418,"column":5}},"57":{"start":{"line":408,"column":21},"end":{"line":408,"column":31}},"58":{"start":{"line":410,"column":19},"end":{"line":410,"column":53}},"59":{"start":{"line":411,"column":6},"end":{"line":413,"column":7}},"60":{"start":{"line":412,"column":8},"end":{"line":412,"column":75}},"61":{"start":{"line":414,"column":6},"end":{"line":414,"column":77}},"62":{"start":{"line":416,"column":6},"end":{"line":416,"column":27}},"63":{"start":{"line":417,"column":6},"end":{"line":417,"column":69}},"64":{"start":{"line":422,"column":0},"end":{"line":422,"column":30}}},"fnMap":{"0":{"name":"(anonymous_8)","decl":{"start":{"line":79,"column":8},"end":{"line":79,"column":18}},"loc":{"start":{"line":79,"column":46},"end":{"line":107,"column":null}}},"1":{"name":"(anonymous_10)","decl":{"start":{"line":171,"column":8},"end":{"line":171,"column":17}},"loc":{"start":{"line":171,"column":45},"end":{"line":201,"column":null}}},"2":{"name":"(anonymous_12)","decl":{"start":{"line":241,"column":8},"end":{"line":241,"column":22}},"loc":{"start":{"line":241,"column":50},"end":{"line":249,"column":null}}},"3":{"name":"(anonymous_14)","decl":{"start":{"line":322,"column":8},"end":{"line":322,"column":21}},"loc":{"start":{"line":322,"column":49},"end":{"line":356,"column":null}}},"4":{"name":"(anonymous_16)","decl":{"start":{"line":406,"column":8},"end":{"line":406,"column":21}},"loc":{"start":{"line":406,"column":49},"end":{"line":419,"column":null}}}},"branchMap":{"0":{"loc":{"start":{"line":83,"column":6},"end":{"line":85,"column":7}},"type":"if","locations":[{"start":{"line":83,"column":6},"end":{"line":85,"column":7}}]},"1":{"loc":{"start":{"line":83,"column":10},"end":{"line":83,"column":42}},"type":"binary-expr","locations":[{"start":{"line":83,"column":10},"end":{"line":83,"column":19}},{"start":{"line":83,"column":23},"end":{"line":83,"column":29}},{"start":{"line":83,"column":33},"end":{"line":83,"column":42}}]},"2":{"loc":{"start":{"line":88,"column":6},"end":{"line":92,"column":7}},"type":"if","locations":[{"start":{"line":88,"column":6},"end":{"line":92,"column":7}}]},"3":{"loc":{"start":{"line":175,"column":6},"end":{"line":179,"column":7}},"type":"if","locations":[{"start":{"line":175,"column":6},"end":{"line":179,"column":7}}]},"4":{"loc":{"start":{"line":175,"column":10},"end":{"line":175,"column":44}},"type":"binary-expr","locations":[{"start":{"line":175,"column":11},"end":{"line":175,"column":20}},{"start":{"line":175,"column":24},"end":{"line":175,"column":30}},{"start":{"line":175,"column":35},"end":{"line":175,"column":44}}]},"5":{"loc":{"start":{"line":181,"column":19},"end":{"line":183,"column":41}},"type":"cond-expr","locations":[{"start":{"line":182,"column":10},"end":{"line":182,"column":44}},{"start":{"line":183,"column":10},"end":{"line":183,"column":41}}]},"6":{"loc":{"start":{"line":184,"column":6},"end":{"line":186,"column":7}},"type":"if","locations":[{"start":{"line":184,"column":6},"end":{"line":186,"column":7}}]},"7":{"loc":{"start":{"line":188,"column":6},"end":{"line":190,"column":7}},"type":"if","locations":[{"start":{"line":188,"column":6},"end":{"line":190,"column":7}}]},"8":{"loc":{"start":{"line":327,"column":6},"end":{"line":329,"column":7}},"type":"if","locations":[{"start":{"line":327,"column":6},"end":{"line":329,"column":7}}]},"9":{"loc":{"start":{"line":327,"column":10},"end":{"line":327,"column":42}},"type":"binary-expr","locations":[{"start":{"line":327,"column":10},"end":{"line":327,"column":19}},{"start":{"line":327,"column":23},"end":{"line":327,"column":29}},{"start":{"line":327,"column":33},"end":{"line":327,"column":42}}]},"10":{"loc":{"start":{"line":332,"column":6},"end":{"line":334,"column":7}},"type":"if","locations":[{"start":{"line":332,"column":6},"end":{"line":334,"column":7}}]},"11":{"loc":{"start":{"line":336,"column":6},"end":{"line":338,"column":7}},"type":"if","locations":[{"start":{"line":336,"column":6},"end":{"line":338,"column":7}}]},"12":{"loc":{"start":{"line":339,"column":6},"end":{"line":341,"column":7}},"type":"if","locations":[{"start":{"line":339,"column":6},"end":{"line":341,"column":7}}]},"13":{"loc":{"start":{"line":342,"column":6},"end":{"line":344,"column":7}},"type":"if","locations":[{"start":{"line":342,"column":6},"end":{"line":344,"column":7}}]},"14":{"loc":{"start":{"line":411,"column":6},"end":{"line":413,"column":7}},"type":"if","locations":[{"start":{"line":411,"column":6},"end":{"line":413,"column":7}}]}},"s":{"0":1,"1":1,"2":1,"3":1,"4":1,"5":3,"6":3,"7":3,"8":1,"9":2,"10":2,"11":1,"12":1,"13":1,"14":1,"15":1,"16":0,"17":0,"18":0,"19":0,"20":0,"21":0,"22":0,"23":0,"24":0,"25":0,"26":0,"27":0,"28":0,"29":0,"30":0,"31":0,"32":2,"33":2,"34":1,"35":1,"36":1,"37":3,"38":3,"39":3,"40":3,"41":0,"42":0,"43":0,"44":0,"45":0,"46":0,"47":0,"48":0,"49":0,"50":0,"51":0,"52":0,"53":0,"54":3,"55":3,"56":2,"57":2,"58":2,"59":2,"60":1,"61":1,"62":0,"63":0,"64":1},"f":{"0":3,"1":0,"2":2,"3":3,"4":2},"b":{"0":[1],"1":[3,2,2],"2":[1],"3":[0],"4":[0,0,0],"5":[0,0],"6":[0],"7":[0],"8":[0],"9":[0,0,0],"10":[0],"11":[0],"12":[0],"13":[0],"14":[1]}}
,"C:\\Users\\USER\\OneDrive\\Desktop\\my-Brand API\\my-brand-api\\src\\database\\db.ts": {"path":"C:\\Users\\USER\\OneDrive\\Desktop\\my-Brand API\\my-brand-api\\src\\database\\db.ts","statementMap":{"0":{"start":{"line":1,"column":0},"end":{"line":1,"column":32}},"1":{"start":{"line":2,"column":0},"end":{"line":2,"column":28}},"2":{"start":{"line":3,"column":0},"end":{"line":3,"column":16}},"3":{"start":{"line":4,"column":12},"end":{"line":4,"column":45}},"4":{"start":{"line":5,"column":18},"end":{"line":12,"column":2}},"5":{"start":{"line":5,"column":29},"end":{"line":12,"column":2}},"6":{"start":{"line":6,"column":2},"end":{"line":11,"column":3}},"7":{"start":{"line":7,"column":4},"end":{"line":7,"column":32}},"8":{"start":{"line":8,"column":4},"end":{"line":8,"column":41}},"9":{"start":{"line":10,"column":4},"end":{"line":10,"column":54}},"10":{"start":{"line":14,"column":0},"end":{"line":14,"column":25}}},"fnMap":{"0":{"name":"(anonymous_8)","decl":{"start":{"line":5,"column":18},"end":{"line":5,"column":27}},"loc":{"start":{"line":5,"column":29},"end":{"line":12,"column":2}}},"1":{"name":"(anonymous_9)","decl":{"start":{"line":5,"column":29},"end":{"line":5,"column":null}},"loc":{"start":{"line":5,"column":29},"end":{"line":12,"column":1}}}},"branchMap":{},"s":{"0":1,"1":1,"2":1,"3":1,"4":1,"5":2,"6":2,"7":2,"8":2,"9":0,"10":1},"f":{"0":2,"1":2},"b":{}}
,"C:\\Users\\USER\\OneDrive\\Desktop\\my-Brand API\\my-brand-api\\src\\middlewares\\midwerror.ts": {"path":"C:\\Users\\USER\\OneDrive\\Desktop\\my-Brand API\\my-brand-api\\src\\middlewares\\midwerror.ts","statementMap":{"0":{"start":{"line":3,"column":28},"end":{"line":6,"column":1}},"1":{"start":{"line":4,"column":4},"end":{"line":4,"column":29}},"2":{"start":{"line":5,"column":4},"end":{"line":5,"column":62}},"3":{"start":{"line":3,"column":13},"end":{"line":3,"column":28}}},"fnMap":{"0":{"name":"(anonymous_0)","decl":{"start":{"line":3,"column":28},"end":{"line":3,"column":29}},"loc":{"start":{"line":3,"column":92},"end":{"line":6,"column":1}}}},"branchMap":{},"s":{"0":1,"1":0,"2":0,"3":1},"f":{"0":0},"b":{}}
,"C:\\Users\\USER\\OneDrive\\Desktop\\my-Brand API\\my-brand-api\\src\\models\\blogPost.ts": {"path":"C:\\Users\\USER\\OneDrive\\Desktop\\my-Brand API\\my-brand-api\\src\\models\\blogPost.ts","statementMap":{"0":{"start":{"line":2,"column":0},"end":{"line":2,"column":53}},"1":{"start":{"line":10,"column":23},"end":{"line":15,"column":2}},"2":{"start":{"line":16,"column":16},"end":{"line":16,"column":69}},"3":{"start":{"line":19,"column":0},"end":{"line":19,"column":24}}},"fnMap":{},"branchMap":{},"s":{"0":1,"1":1,"2":1,"3":1},"f":{},"b":{}}
,"C:\\Users\\USER\\OneDrive\\Desktop\\my-Brand API\\my-brand-api\\src\\models\\comment.ts": {"path":"C:\\Users\\USER\\OneDrive\\Desktop\\my-Brand API\\my-brand-api\\src\\models\\comment.ts","statementMap":{"0":{"start":{"line":1,"column":0},"end":{"line":1,"column":53}},"1":{"start":{"line":8,"column":22},"end":{"line":11,"column":2}},"2":{"start":{"line":13,"column":16},"end":{"line":13,"column":66}},"3":{"start":{"line":15,"column":0},"end":{"line":15,"column":23}}},"fnMap":{},"branchMap":{},"s":{"0":1,"1":1,"2":1,"3":1},"f":{},"b":{}}
,"C:\\Users\\USER\\OneDrive\\Desktop\\my-Brand API\\my-brand-api\\src\\models\\userAc.ts": {"path":"C:\\Users\\USER\\OneDrive\\Desktop\\my-Brand API\\my-brand-api\\src\\models\\userAc.ts","statementMap":{"0":{"start":{"line":1,"column":0},"end":{"line":1,"column":54}},"1":{"start":{"line":8,"column":23},"end":{"line":12,"column":2}},"2":{"start":{"line":14,"column":15},"end":{"line":14,"column":66}},"3":{"start":{"line":16,"column":0},"end":{"line":16,"column":22}}},"fnMap":{},"branchMap":{},"s":{"0":1,"1":1,"2":1,"3":1},"f":{},"b":{}}
,"C:\\Users\\USER\\OneDrive\\Desktop\\my-Brand API\\my-brand-api\\src\\route\\blogRoutes.ts": {"path":"C:\\Users\\USER\\OneDrive\\Desktop\\my-Brand API\\my-brand-api\\src\\route\\blogRoutes.ts","statementMap":{"0":{"start":{"line":1,"column":0},"end":{"line":1,"column":53}},"1":{"start":{"line":2,"column":0},"end":{"line":2,"column":52}},"2":{"start":{"line":4,"column":15},"end":{"line":4,"column":31}},"3":{"start":{"line":5,"column":23},"end":{"line":5,"column":43}},"4":{"start":{"line":7,"column":0},"end":{"line":7,"column":56}},"5":{"start":{"line":8,"column":0},"end":{"line":8,"column":58}},"6":{"start":{"line":9,"column":0},"end":{"line":9,"column":63}},"7":{"start":{"line":10,"column":0},"end":{"line":10,"column":63}},"8":{"start":{"line":11,"column":0},"end":{"line":11,"column":66}},"9":{"start":{"line":13,"column":0},"end":{"line":13,"column":22}}},"fnMap":{},"branchMap":{},"s":{"0":1,"1":1,"2":1,"3":1,"4":1,"5":1,"6":1,"7":1,"8":1,"9":1},"f":{},"b":{}}
,"C:\\Users\\USER\\OneDrive\\Desktop\\my-Brand API\\my-brand-api\\src\\route\\commentRoutes.ts": {"path":"C:\\Users\\USER\\OneDrive\\Desktop\\my-Brand API\\my-brand-api\\src\\route\\commentRoutes.ts","statementMap":{"0":{"start":{"line":1,"column":0},"end":{"line":1,"column":30}},"1":{"start":{"line":2,"column":0},"end":{"line":2,"column":58}},"2":{"start":{"line":3,"column":0},"end":{"line":3,"column":51}},"3":{"start":{"line":6,"column":15},"end":{"line":6,"column":31}},"4":{"start":{"line":7,"column":26},"end":{"line":7,"column":49}},"5":{"start":{"line":9,"column":0},"end":{"line":9,"column":56}},"6":{"start":{"line":10,"column":0},"end":{"line":10,"column":62}},"7":{"start":{"line":11,"column":0},"end":{"line":11,"column":66}},"8":{"start":{"line":12,"column":0},"end":{"line":12,"column":85}},"9":{"start":{"line":13,"column":0},"end":{"line":13,"column":88}},"10":{"start":{"line":15,"column":0},"end":{"line":15,"column":22}}},"fnMap":{},"branchMap":{},"s":{"0":1,"1":1,"2":1,"3":1,"4":1,"5":1,"6":1,"7":1,"8":1,"9":1,"10":1},"f":{},"b":{}}
,"C:\\Users\\USER\\OneDrive\\Desktop\\my-Brand API\\my-brand-api\\src\\route\\userRoutes.ts": {"path":"C:\\Users\\USER\\OneDrive\\Desktop\\my-Brand API\\my-brand-api\\src\\route\\userRoutes.ts","statementMap":{"0":{"start":{"line":1,"column":0},"end":{"line":1,"column":30}},"1":{"start":{"line":2,"column":0},"end":{"line":2,"column":53}},"2":{"start":{"line":5,"column":15},"end":{"line":5,"column":31}},"3":{"start":{"line":6,"column":23},"end":{"line":6,"column":43}},"4":{"start":{"line":9,"column":0},"end":{"line":9,"column":53}},"5":{"start":{"line":10,"column":0},"end":{"line":10,"column":49}},"6":{"start":{"line":11,"column":0},"end":{"line":11,"column":51}},"7":{"start":{"line":12,"column":0},"end":{"line":12,"column":58}},"8":{"start":{"line":13,"column":0},"end":{"line":13,"column":59}},"9":{"start":{"line":15,"column":0},"end":{"line":15,"column":null}}},"fnMap":{},"branchMap":{},"s":{"0":1,"1":1,"2":1,"3":1,"4":1,"5":1,"6":1,"7":1,"8":1,"9":1},"f":{},"b":{}}
,"C:\\Users\\USER\\OneDrive\\Desktop\\my-Brand API\\my-brand-api\\src\\utils\\token.ts": {"path":"C:\\Users\\USER\\OneDrive\\Desktop\\my-Brand API\\my-brand-api\\src\\utils\\token.ts","statementMap":{"0":{"start":{"line":18,"column":0},"end":{"line":18,"column":41}},"1":{"start":{"line":25,"column":33},"end":{"line":41,"column":1}},"2":{"start":{"line":30,"column":20},"end":{"line":30,"column":48}},"3":{"start":{"line":31,"column":18},"end":{"line":31,"column":50}},"4":{"start":{"line":32,"column":4},"end":{"line":34,"column":5}},"5":{"start":{"line":33,"column":8},"end":{"line":33,"column":75}},"6":{"start":{"line":35,"column":4},"end":{"line":40,"column":5}},"7":{"start":{"line":36,"column":8},"end":{"line":36,"column":57}},"8":{"start":{"line":37,"column":8},"end":{"line":37,"column":15}},"9":{"start":{"line":39,"column":8},"end":{"line":39,"column":57}},"10":{"start":{"line":25,"column":13},"end":{"line":25,"column":33}}},"fnMap":{"0":{"name":"(anonymous_1)","decl":{"start":{"line":25,"column":33},"end":{"line":25,"column":null}},"loc":{"start":{"line":29,"column":4},"end":{"line":41,"column":1}}}},"branchMap":{"0":{"loc":{"start":{"line":31,"column":18},"end":{"line":31,"column":50}},"type":"binary-expr","locations":[{"start":{"line":31,"column":18},"end":{"line":31,"column":25}},{"start":{"line":31,"column":29},"end":{"line":31,"column":50}}]},"1":{"loc":{"start":{"line":32,"column":4},"end":{"line":34,"column":5}},"type":"if","locations":[{"start":{"line":32,"column":4},"end":{"line":34,"column":5}}]}},"s":{"0":1,"1":1,"2":0,"3":0,"4":0,"5":0,"6":0,"7":0,"8":0,"9":0,"10":1},"f":{"0":0},"b":{"0":[0,0],"1":[0]}}
}
