{"C:\\Users\\USER\\OneDrive\\Desktop\\my-Brand API\\my-brand-api\\src\\app.ts": {"path":"C:\\Users\\USER\\OneDrive\\Desktop\\my-Brand API\\my-brand-api\\src\\app.ts","statementMap":{"0":{"start":{"line":1,"column":0},"end":{"line":1,"column":66}},"1":{"start":{"line":3,"column":0},"end":{"line":3,"column":38}},"2":{"start":{"line":4,"column":0},"end":{"line":4,"column":28}},"3":{"start":{"line":5,"column":0},"end":{"line":5,"column":24}},"4":{"start":{"line":6,"column":0},"end":{"line":6,"column":55}},"5":{"start":{"line":7,"column":0},"end":{"line":7,"column":43}},"6":{"start":{"line":8,"column":0},"end":{"line":8,"column":49}},"7":{"start":{"line":10,"column":0},"end":{"line":10,"column":44}},"8":{"start":{"line":11,"column":0},"end":{"line":11,"column":44}},"9":{"start":{"line":12,"column":0},"end":{"line":12,"column":50}},"10":{"start":{"line":13,"column":0},"end":{"line":13,"column":50}},"11":{"start":{"line":15,"column":0},"end":{"line":15,"column":40}},"12":{"start":{"line":16,"column":0},"end":{"line":16,"column":38}},"13":{"start":{"line":18,"column":0},"end":{"line":18,"column":16}},"14":{"start":{"line":20,"column":0},"end":{"line":20,"column":12}},"15":{"start":{"line":21,"column":25},"end":{"line":21,"column":34}},"16":{"start":{"line":22,"column":13},"end":{"line":22,"column":37}},"17":{"start":{"line":24,"column":0},"end":{"line":24,"column":16}},"18":{"start":{"line":25,"column":0},"end":{"line":25,"column":24}},"19":{"start":{"line":26,"column":0},"end":{"line":26,"column":33}},"20":{"start":{"line":27,"column":0},"end":{"line":27,"column":33}},"21":{"start":{"line":28,"column":0},"end":{"line":28,"column":39}},"22":{"start":{"line":29,"column":0},"end":{"line":29,"column":39}},"23":{"start":{"line":30,"column":0},"end":{"line":30,"column":22}},"24":{"start":{"line":31,"column":0},"end":{"line":31,"column":24}},"25":{"start":{"line":32,"column":0},"end":{"line":32,"column":68}},"26":{"start":{"line":34,"column":23},"end":{"line":36,"column":2}},"27":{"start":{"line":35,"column":2},"end":{"line":35,"column":64}},"28":{"start":{"line":37,"column":0},"end":{"line":37,"column":22}}},"fnMap":{"0":{"name":"(anonymous_1)","decl":{"start":{"line":34,"column":40},"end":{"line":34,"column":43}},"loc":{"start":{"line":34,"column":45},"end":{"line":36,"column":1}}}},"branchMap":{"0":{"loc":{"start":{"line":22,"column":13},"end":{"line":22,"column":37}},"type":"binary-expr","locations":[{"start":{"line":22,"column":13},"end":{"line":22,"column":29}},{"start":{"line":22,"column":33},"end":{"line":22,"column":37}}]}},"s":{"0":1,"1":1,"2":1,"3":1,"4":1,"5":1,"6":1,"7":1,"8":1,"9":1,"10":1,"11":1,"12":1,"13":1,"14":1,"15":1,"16":1,"17":1,"18":1,"19":1,"20":1,"21":1,"22":1,"23":1,"24":1,"25":1,"26":1,"27":1,"28":1},"f":{"0":1},"b":{"0":[1,0]}}
,"C:\\Users\\USER\\OneDrive\\Desktop\\my-Brand API\\my-brand-api\\src\\api-docs\\swagger.ts": {"path":"C:\\Users\\USER\\OneDrive\\Desktop\\my-Brand API\\my-brand-api\\src\\api-docs\\swagger.ts","statementMap":{"0":{"start":{"line":1,"column":0},"end":{"line":1,"column":41}},"1":{"start":{"line":3,"column":45},"end":{"line":28,"column":2}},"2":{"start":{"line":30,"column":13},"end":{"line":30,"column":56}}},"fnMap":{},"branchMap":{},"s":{"0":1,"1":1,"2":1},"f":{},"b":{}}
,"C:\\Users\\USER\\OneDrive\\Desktop\\my-Brand API\\my-brand-api\\src\\controller\\blogCtrl.ts": {"path":"C:\\Users\\USER\\OneDrive\\Desktop\\my-Brand API\\my-brand-api\\src\\controller\\blogCtrl.ts","statementMap":{"0":{"start":{"line":2,"column":0},"end":{"line":2,"column":42}},"1":{"start":{"line":3,"column":0},"end":{"line":3,"column":42}},"2":{"start":{"line":83,"column":4},"end":{"line":106,"column":5}},"3":{"start":{"line":84,"column":54},"end":{"line":84,"column":62}},"4":{"start":{"line":85,"column":6},"end":{"line":89,"column":7}},"5":{"start":{"line":86,"column":8},"end":{"line":88,"column":11}},"6":{"start":{"line":91,"column":27},"end":{"line":91,"column":60}},"7":{"start":{"line":92,"column":6},"end":{"line":96,"column":7}},"8":{"start":{"line":93,"column":8},"end":{"line":95,"column":11}},"9":{"start":{"line":97,"column":22},"end":{"line":97,"column":75}},"10":{"start":{"line":98,"column":6},"end":{"line":98,"column":27}},"11":{"start":{"line":99,"column":6},"end":{"line":103,"column":9}},"12":{"start":{"line":105,"column":6},"end":{"line":105,"column":66}},"13":{"start":{"line":150,"column":4},"end":{"line":155,"column":5}},"14":{"start":{"line":151,"column":20},"end":{"line":151,"column":41}},"15":{"start":{"line":152,"column":6},"end":{"line":152,"column":34}},"16":{"start":{"line":154,"column":6},"end":{"line":154,"column":61}},"17":{"start":{"line":214,"column":4},"end":{"line":223,"column":5}},"18":{"start":{"line":215,"column":21},"end":{"line":215,"column":31}},"19":{"start":{"line":216,"column":19},"end":{"line":216,"column":46}},"20":{"start":{"line":217,"column":6},"end":{"line":219,"column":7}},"21":{"start":{"line":218,"column":8},"end":{"line":218,"column":72}},"22":{"start":{"line":220,"column":6},"end":{"line":220,"column":33}},"23":{"start":{"line":222,"column":6},"end":{"line":222,"column":68}},"24":{"start":{"line":296,"column":19},"end":{"line":296,"column":32}},"25":{"start":{"line":297,"column":52},"end":{"line":297,"column":60}},"26":{"start":{"line":298,"column":4},"end":{"line":322,"column":5}},"27":{"start":{"line":299,"column":19},"end":{"line":299,"column":50}},"28":{"start":{"line":300,"column":6},"end":{"line":304,"column":7}},"29":{"start":{"line":301,"column":8},"end":{"line":303,"column":11}},"30":{"start":{"line":305,"column":6},"end":{"line":307,"column":7}},"31":{"start":{"line":306,"column":8},"end":{"line":306,"column":27}},"32":{"start":{"line":308,"column":6},"end":{"line":310,"column":7}},"33":{"start":{"line":309,"column":8},"end":{"line":309,"column":33}},"34":{"start":{"line":311,"column":6},"end":{"line":313,"column":7}},"35":{"start":{"line":312,"column":8},"end":{"line":312,"column":27}},"36":{"start":{"line":314,"column":6},"end":{"line":316,"column":7}},"37":{"start":{"line":315,"column":8},"end":{"line":315,"column":39}},"38":{"start":{"line":318,"column":6},"end":{"line":318,"column":24}},"39":{"start":{"line":319,"column":6},"end":{"line":319,"column":33}},"40":{"start":{"line":321,"column":6},"end":{"line":321,"column":42}},"41":{"start":{"line":373,"column":4},"end":{"line":381,"column":5}},"42":{"start":{"line":374,"column":26},"end":{"line":374,"column":73}},"43":{"start":{"line":375,"column":6},"end":{"line":377,"column":7}},"44":{"start":{"line":376,"column":8},"end":{"line":376,"column":71}},"45":{"start":{"line":378,"column":6},"end":{"line":378,"column":65}},"46":{"start":{"line":380,"column":6},"end":{"line":380,"column":78}},"47":{"start":{"line":384,"column":0},"end":{"line":384,"column":30}}},"fnMap":{"0":{"name":"(anonymous_8)","decl":{"start":{"line":82,"column":8},"end":{"line":82,"column":18}},"loc":{"start":{"line":82,"column":46},"end":{"line":107,"column":null}}},"1":{"name":"(anonymous_10)","decl":{"start":{"line":149,"column":8},"end":{"line":149,"column":20}},"loc":{"start":{"line":149,"column":48},"end":{"line":156,"column":null}}},"2":{"name":"(anonymous_12)","decl":{"start":{"line":213,"column":8},"end":{"line":213,"column":18}},"loc":{"start":{"line":213,"column":46},"end":{"line":224,"column":null}}},"3":{"name":"(anonymous_14)","decl":{"start":{"line":295,"column":8},"end":{"line":295,"column":18}},"loc":{"start":{"line":295,"column":46},"end":{"line":323,"column":null}}},"4":{"name":"(anonymous_16)","decl":{"start":{"line":372,"column":8},"end":{"line":372,"column":18}},"loc":{"start":{"line":372,"column":46},"end":{"line":382,"column":null}}}},"branchMap":{"0":{"loc":{"start":{"line":85,"column":6},"end":{"line":89,"column":7}},"type":"if","locations":[{"start":{"line":85,"column":6},"end":{"line":89,"column":7}}]},"1":{"loc":{"start":{"line":85,"column":10},"end":{"line":85,"column":55}},"type":"binary-expr","locations":[{"start":{"line":85,"column":10},"end":{"line":85,"column":16}},{"start":{"line":85,"column":20},"end":{"line":85,"column":29}},{"start":{"line":85,"column":33},"end":{"line":85,"column":39}},{"start":{"line":85,"column":43},"end":{"line":85,"column":55}}]},"2":{"loc":{"start":{"line":92,"column":6},"end":{"line":96,"column":7}},"type":"if","locations":[{"start":{"line":92,"column":6},"end":{"line":96,"column":7}}]},"3":{"loc":{"start":{"line":217,"column":6},"end":{"line":219,"column":7}},"type":"if","locations":[{"start":{"line":217,"column":6},"end":{"line":219,"column":7}}]},"4":{"loc":{"start":{"line":300,"column":6},"end":{"line":304,"column":7}},"type":"if","locations":[{"start":{"line":300,"column":6},"end":{"line":304,"column":7}}]},"5":{"loc":{"start":{"line":305,"column":6},"end":{"line":307,"column":7}},"type":"if","locations":[{"start":{"line":305,"column":6},"end":{"line":307,"column":7}}]},"6":{"loc":{"start":{"line":308,"column":6},"end":{"line":310,"column":7}},"type":"if","locations":[{"start":{"line":308,"column":6},"end":{"line":310,"column":7}}]},"7":{"loc":{"start":{"line":311,"column":6},"end":{"line":313,"column":7}},"type":"if","locations":[{"start":{"line":311,"column":6},"end":{"line":313,"column":7}}]},"8":{"loc":{"start":{"line":314,"column":6},"end":{"line":316,"column":7}},"type":"if","locations":[{"start":{"line":314,"column":6},"end":{"line":316,"column":7}}]},"9":{"loc":{"start":{"line":375,"column":6},"end":{"line":377,"column":7}},"type":"if","locations":[{"start":{"line":375,"column":6},"end":{"line":377,"column":7}}]}},"s":{"0":1,"1":1,"2":3,"3":3,"4":3,"5":1,"6":2,"7":2,"8":1,"9":1,"10":1,"11":1,"12":0,"13":1,"14":1,"15":1,"16":0,"17":0,"18":0,"19":0,"20":0,"21":0,"22":0,"23":0,"24":2,"25":2,"26":2,"27":2,"28":2,"29":1,"30":1,"31":1,"32":1,"33":1,"34":1,"35":1,"36":1,"37":1,"38":1,"39":1,"40":0,"41":2,"42":2,"43":2,"44":1,"45":1,"46":0,"47":1},"f":{"0":3,"1":1,"2":0,"3":2,"4":2},"b":{"0":[1],"1":[3,2,2,2],"2":[1],"3":[0],"4":[1],"5":[1],"6":[1],"7":[1],"8":[1],"9":[1]}}
,"C:\\Users\\USER\\OneDrive\\Desktop\\my-Brand API\\my-brand-api\\src\\controller\\commentCtrl.ts": {"path":"C:\\Users\\USER\\OneDrive\\Desktop\\my-Brand API\\my-brand-api\\src\\controller\\commentCtrl.ts","statementMap":{"0":{"start":{"line":4,"column":0},"end":{"line":4,"column":40}},"1":{"start":{"line":5,"column":0},"end":{"line":5,"column":40}},"2":{"start":{"line":65,"column":4},"end":{"line":77,"column":5}},"3":{"start":{"line":66,"column":32},"end":{"line":66,"column":40}},"4":{"start":{"line":68,"column":25},"end":{"line":68,"column":64}},"5":{"start":{"line":70,"column":6},"end":{"line":73,"column":9}},"6":{"start":{"line":75,"column":6},"end":{"line":75,"column":54}},"7":{"start":{"line":76,"column":6},"end":{"line":76,"column":56}},"8":{"start":{"line":117,"column":4},"end":{"line":123,"column":5}},"9":{"start":{"line":118,"column":23},"end":{"line":118,"column":43}},"10":{"start":{"line":119,"column":6},"end":{"line":119,"column":37}},"11":{"start":{"line":121,"column":6},"end":{"line":121,"column":27}},"12":{"start":{"line":122,"column":6},"end":{"line":122,"column":67}},"13":{"start":{"line":177,"column":19},"end":{"line":177,"column":29}},"14":{"start":{"line":179,"column":4},"end":{"line":188,"column":5}},"15":{"start":{"line":180,"column":22},"end":{"line":180,"column":48}},"16":{"start":{"line":181,"column":6},"end":{"line":183,"column":7}},"17":{"start":{"line":182,"column":8},"end":{"line":182,"column":70}},"18":{"start":{"line":184,"column":6},"end":{"line":184,"column":36}},"19":{"start":{"line":186,"column":6},"end":{"line":186,"column":27}},"20":{"start":{"line":187,"column":6},"end":{"line":187,"column":77}},"21":{"start":{"line":259,"column":19},"end":{"line":259,"column":29}},"22":{"start":{"line":260,"column":30},"end":{"line":260,"column":38}},"23":{"start":{"line":262,"column":4},"end":{"line":283,"column":5}},"24":{"start":{"line":263,"column":22},"end":{"line":263,"column":48}},"25":{"start":{"line":264,"column":6},"end":{"line":266,"column":7}},"26":{"start":{"line":265,"column":8},"end":{"line":265,"column":70}},"27":{"start":{"line":268,"column":6},"end":{"line":270,"column":7}},"28":{"start":{"line":269,"column":8},"end":{"line":269,"column":28}},"29":{"start":{"line":272,"column":6},"end":{"line":274,"column":7}},"30":{"start":{"line":273,"column":8},"end":{"line":273,"column":34}},"31":{"start":{"line":276,"column":6},"end":{"line":276,"column":27}},"32":{"start":{"line":277,"column":6},"end":{"line":279,"column":68}},"33":{"start":{"line":281,"column":6},"end":{"line":281,"column":27}},"34":{"start":{"line":282,"column":6},"end":{"line":282,"column":73}},"35":{"start":{"line":334,"column":19},"end":{"line":334,"column":29}},"36":{"start":{"line":336,"column":4},"end":{"line":346,"column":5}},"37":{"start":{"line":337,"column":29},"end":{"line":337,"column":64}},"38":{"start":{"line":338,"column":6},"end":{"line":340,"column":7}},"39":{"start":{"line":339,"column":8},"end":{"line":339,"column":70}},"40":{"start":{"line":342,"column":6},"end":{"line":342,"column":72}},"41":{"start":{"line":344,"column":6},"end":{"line":344,"column":27}},"42":{"start":{"line":345,"column":6},"end":{"line":345,"column":73}},"43":{"start":{"line":350,"column":0},"end":{"line":350,"column":33}}},"fnMap":{"0":{"name":"(anonymous_8)","decl":{"start":{"line":64,"column":8},"end":{"line":64,"column":21}},"loc":{"start":{"line":64,"column":49},"end":{"line":78,"column":null}}},"1":{"name":"(anonymous_10)","decl":{"start":{"line":116,"column":8},"end":{"line":116,"column":23}},"loc":{"start":{"line":116,"column":51},"end":{"line":124,"column":null}}},"2":{"name":"(anonymous_12)","decl":{"start":{"line":176,"column":8},"end":{"line":176,"column":21}},"loc":{"start":{"line":176,"column":49},"end":{"line":189,"column":null}}},"3":{"name":"(anonymous_14)","decl":{"start":{"line":258,"column":8},"end":{"line":258,"column":21}},"loc":{"start":{"line":258,"column":49},"end":{"line":284,"column":null}}},"4":{"name":"(anonymous_16)","decl":{"start":{"line":333,"column":8},"end":{"line":333,"column":21}},"loc":{"start":{"line":333,"column":49},"end":{"line":347,"column":null}}}},"branchMap":{"0":{"loc":{"start":{"line":181,"column":6},"end":{"line":183,"column":7}},"type":"if","locations":[{"start":{"line":181,"column":6},"end":{"line":183,"column":7}}]},"1":{"loc":{"start":{"line":264,"column":6},"end":{"line":266,"column":7}},"type":"if","locations":[{"start":{"line":264,"column":6},"end":{"line":266,"column":7}}]},"2":{"loc":{"start":{"line":268,"column":6},"end":{"line":270,"column":7}},"type":"if","locations":[{"start":{"line":268,"column":6},"end":{"line":270,"column":7}}]},"3":{"loc":{"start":{"line":272,"column":6},"end":{"line":274,"column":7}},"type":"if","locations":[{"start":{"line":272,"column":6},"end":{"line":274,"column":7}}]},"4":{"loc":{"start":{"line":338,"column":6},"end":{"line":340,"column":7}},"type":"if","locations":[{"start":{"line":338,"column":6},"end":{"line":340,"column":7}}]}},"s":{"0":1,"1":1,"2":0,"3":0,"4":0,"5":0,"6":0,"7":0,"8":0,"9":0,"10":0,"11":0,"12":0,"13":0,"14":0,"15":0,"16":0,"17":0,"18":0,"19":0,"20":0,"21":0,"22":0,"23":0,"24":0,"25":0,"26":0,"27":0,"28":0,"29":0,"30":0,"31":0,"32":0,"33":0,"34":0,"35":0,"36":0,"37":0,"38":0,"39":0,"40":0,"41":0,"42":0,"43":1},"f":{"0":0,"1":0,"2":0,"3":0,"4":0},"b":{"0":[0],"1":[0],"2":[0],"3":[0],"4":[0]}}
,"C:\\Users\\USER\\OneDrive\\Desktop\\my-Brand API\\my-brand-api\\src\\controller\\connectCtrl.ts": {"path":"C:\\Users\\USER\\OneDrive\\Desktop\\my-Brand API\\my-brand-api\\src\\controller\\connectCtrl.ts","statementMap":{"0":{"start":{"line":2,"column":0},"end":{"line":2,"column":36}},"1":{"start":{"line":4,"column":24},"end":{"line":45,"column":2}},"2":{"start":{"line":8,"column":4},"end":{"line":45,"column":2}},"3":{"start":{"line":9,"column":22},"end":{"line":17,"column":4}},"4":{"start":{"line":19,"column":37},"end":{"line":19,"column":45}},"5":{"start":{"line":21,"column":2},"end":{"line":23,"column":3}},"6":{"start":{"line":22,"column":4},"end":{"line":22,"column":72}},"7":{"start":{"line":25,"column":50},"end":{"line":29,"column":4}},"8":{"start":{"line":30,"column":56},"end":{"line":34,"column":4}},"9":{"start":{"line":35,"column":2},"end":{"line":44,"column":3}},"10":{"start":{"line":36,"column":17},"end":{"line":36,"column":56}},"11":{"start":{"line":37,"column":4},"end":{"line":39,"column":5}},"12":{"start":{"line":38,"column":23},"end":{"line":38,"column":68}},"13":{"start":{"line":40,"column":4},"end":{"line":40,"column":67}},"14":{"start":{"line":42,"column":4},"end":{"line":42,"column":23}},"15":{"start":{"line":43,"column":4},"end":{"line":43,"column":76}},"16":{"start":{"line":4,"column":13},"end":{"line":4,"column":24}}},"fnMap":{"0":{"name":"(anonymous_8)","decl":{"start":{"line":4,"column":24},"end":{"line":4,"column":null}},"loc":{"start":{"line":8,"column":4},"end":{"line":45,"column":2}}},"1":{"name":"(anonymous_9)","decl":{"start":{"line":8,"column":4},"end":{"line":8,"column":null}},"loc":{"start":{"line":8,"column":4},"end":{"line":45,"column":1}}}},"branchMap":{"0":{"loc":{"start":{"line":21,"column":2},"end":{"line":23,"column":3}},"type":"if","locations":[{"start":{"line":21,"column":2},"end":{"line":23,"column":3}}]},"1":{"loc":{"start":{"line":21,"column":6},"end":{"line":21,"column":35}},"type":"binary-expr","locations":[{"start":{"line":21,"column":6},"end":{"line":21,"column":11}},{"start":{"line":21,"column":15},"end":{"line":21,"column":23}},{"start":{"line":21,"column":27},"end":{"line":21,"column":35}}]},"2":{"loc":{"start":{"line":37,"column":4},"end":{"line":39,"column":5}},"type":"if","locations":[{"start":{"line":37,"column":4},"end":{"line":39,"column":5}}]}},"s":{"0":1,"1":1,"2":3,"3":3,"4":3,"5":3,"6":1,"7":2,"8":2,"9":2,"10":2,"11":1,"12":1,"13":1,"14":1,"15":1,"16":1},"f":{"0":3,"1":3},"b":{"0":[1],"1":[3,2,2],"2":[1]}}
,"C:\\Users\\USER\\OneDrive\\Desktop\\my-Brand API\\my-brand-api\\src\\controller\\userCtrl.ts": {"path":"C:\\Users\\USER\\OneDrive\\Desktop\\my-Brand API\\my-brand-api\\src\\controller\\userCtrl.ts","statementMap":{"0":{"start":{"line":3,"column":0},"end":{"line":3,"column":38}},"1":{"start":{"line":4,"column":0},"end":{"line":4,"column":28}},"2":{"start":{"line":5,"column":0},"end":{"line":5,"column":31}},"3":{"start":{"line":6,"column":0},"end":{"line":6,"column":38}},"4":{"start":{"line":9,"column":23},"end":{"line":9,"column":31}},"5":{"start":{"line":79,"column":4},"end":{"line":105,"column":5}},"6":{"start":{"line":80,"column":44},"end":{"line":80,"column":52}},"7":{"start":{"line":82,"column":6},"end":{"line":84,"column":7}},"8":{"start":{"line":83,"column":8},"end":{"line":83,"column":76}},"9":{"start":{"line":86,"column":27},"end":{"line":86,"column":61}},"10":{"start":{"line":87,"column":6},"end":{"line":91,"column":7}},"11":{"start":{"line":88,"column":8},"end":{"line":90,"column":65}},"12":{"start":{"line":92,"column":29},"end":{"line":92,"column":60}},"13":{"start":{"line":95,"column":22},"end":{"line":99,"column":8}},"14":{"start":{"line":100,"column":6},"end":{"line":100,"column":27}},"15":{"start":{"line":101,"column":6},"end":{"line":101,"column":36}},"16":{"start":{"line":103,"column":6},"end":{"line":103,"column":27}},"17":{"start":{"line":104,"column":6},"end":{"line":104,"column":72}},"18":{"start":{"line":171,"column":4},"end":{"line":199,"column":5}},"19":{"start":{"line":172,"column":44},"end":{"line":172,"column":52}},"20":{"start":{"line":174,"column":6},"end":{"line":178,"column":7}},"21":{"start":{"line":175,"column":8},"end":{"line":177,"column":65}},"22":{"start":{"line":180,"column":19},"end":{"line":182,"column":41}},"23":{"start":{"line":183,"column":6},"end":{"line":185,"column":7}},"24":{"start":{"line":184,"column":8},"end":{"line":184,"column":78}},"25":{"start":{"line":186,"column":28},"end":{"line":186,"column":73}},"26":{"start":{"line":187,"column":6},"end":{"line":189,"column":7}},"27":{"start":{"line":188,"column":8},"end":{"line":188,"column":69}},"28":{"start":{"line":191,"column":20},"end":{"line":193,"column":8}},"29":{"start":{"line":195,"column":6},"end":{"line":195,"column":74}},"30":{"start":{"line":197,"column":6},"end":{"line":197,"column":27}},"31":{"start":{"line":198,"column":6},"end":{"line":198,"column":61}},"32":{"start":{"line":239,"column":4},"end":{"line":245,"column":5}},"33":{"start":{"line":240,"column":20},"end":{"line":240,"column":39}},"34":{"start":{"line":241,"column":6},"end":{"line":241,"column":34}},"35":{"start":{"line":243,"column":6},"end":{"line":243,"column":27}},"36":{"start":{"line":244,"column":6},"end":{"line":244,"column":64}},"37":{"start":{"line":320,"column":20},"end":{"line":320,"column":30}},"38":{"start":{"line":321,"column":44},"end":{"line":321,"column":52}},"39":{"start":{"line":322,"column":4},"end":{"line":352,"column":5}},"40":{"start":{"line":323,"column":26},"end":{"line":323,"column":55}},"41":{"start":{"line":324,"column":6},"end":{"line":326,"column":7}},"42":{"start":{"line":325,"column":8},"end":{"line":325,"column":78}},"43":{"start":{"line":327,"column":29},"end":{"line":327,"column":60}},"44":{"start":{"line":329,"column":6},"end":{"line":331,"column":7}},"45":{"start":{"line":330,"column":8},"end":{"line":330,"column":75}},"46":{"start":{"line":333,"column":6},"end":{"line":335,"column":7}},"47":{"start":{"line":334,"column":8},"end":{"line":334,"column":null}},"48":{"start":{"line":336,"column":6},"end":{"line":338,"column":7}},"49":{"start":{"line":337,"column":8},"end":{"line":337,"column":null}},"50":{"start":{"line":339,"column":6},"end":{"line":341,"column":7}},"51":{"start":{"line":340,"column":8},"end":{"line":340,"column":null}},"52":{"start":{"line":343,"column":6},"end":{"line":343,"column":null}},"53":{"start":{"line":344,"column":6},"end":{"line":346,"column":76}},"54":{"start":{"line":348,"column":6},"end":{"line":348,"column":27}},"55":{"start":{"line":349,"column":6},"end":{"line":351,"column":68}},"56":{"start":{"line":404,"column":4},"end":{"line":415,"column":5}},"57":{"start":{"line":405,"column":21},"end":{"line":405,"column":31}},"58":{"start":{"line":407,"column":19},"end":{"line":407,"column":53}},"59":{"start":{"line":408,"column":6},"end":{"line":410,"column":7}},"60":{"start":{"line":409,"column":8},"end":{"line":409,"column":75}},"61":{"start":{"line":411,"column":6},"end":{"line":411,"column":77}},"62":{"start":{"line":413,"column":6},"end":{"line":413,"column":27}},"63":{"start":{"line":414,"column":6},"end":{"line":414,"column":69}},"64":{"start":{"line":419,"column":0},"end":{"line":419,"column":30}}},"fnMap":{"0":{"name":"(anonymous_8)","decl":{"start":{"line":78,"column":8},"end":{"line":78,"column":18}},"loc":{"start":{"line":78,"column":46},"end":{"line":106,"column":null}}},"1":{"name":"(anonymous_10)","decl":{"start":{"line":170,"column":8},"end":{"line":170,"column":17}},"loc":{"start":{"line":170,"column":45},"end":{"line":200,"column":null}}},"2":{"name":"(anonymous_12)","decl":{"start":{"line":238,"column":8},"end":{"line":238,"column":22}},"loc":{"start":{"line":238,"column":50},"end":{"line":246,"column":null}}},"3":{"name":"(anonymous_14)","decl":{"start":{"line":319,"column":8},"end":{"line":319,"column":21}},"loc":{"start":{"line":319,"column":49},"end":{"line":353,"column":null}}},"4":{"name":"(anonymous_16)","decl":{"start":{"line":403,"column":8},"end":{"line":403,"column":21}},"loc":{"start":{"line":403,"column":49},"end":{"line":416,"column":null}}}},"branchMap":{"0":{"loc":{"start":{"line":82,"column":6},"end":{"line":84,"column":7}},"type":"if","locations":[{"start":{"line":82,"column":6},"end":{"line":84,"column":7}}]},"1":{"loc":{"start":{"line":82,"column":10},"end":{"line":82,"column":42}},"type":"binary-expr","locations":[{"start":{"line":82,"column":10},"end":{"line":82,"column":19}},{"start":{"line":82,"column":23},"end":{"line":82,"column":29}},{"start":{"line":82,"column":33},"end":{"line":82,"column":42}}]},"2":{"loc":{"start":{"line":87,"column":6},"end":{"line":91,"column":7}},"type":"if","locations":[{"start":{"line":87,"column":6},"end":{"line":91,"column":7}}]},"3":{"loc":{"start":{"line":174,"column":6},"end":{"line":178,"column":7}},"type":"if","locations":[{"start":{"line":174,"column":6},"end":{"line":178,"column":7}}]},"4":{"loc":{"start":{"line":174,"column":10},"end":{"line":174,"column":44}},"type":"binary-expr","locations":[{"start":{"line":174,"column":11},"end":{"line":174,"column":20}},{"start":{"line":174,"column":24},"end":{"line":174,"column":30}},{"start":{"line":174,"column":35},"end":{"line":174,"column":44}}]},"5":{"loc":{"start":{"line":180,"column":19},"end":{"line":182,"column":41}},"type":"cond-expr","locations":[{"start":{"line":181,"column":10},"end":{"line":181,"column":44}},{"start":{"line":182,"column":10},"end":{"line":182,"column":41}}]},"6":{"loc":{"start":{"line":183,"column":6},"end":{"line":185,"column":7}},"type":"if","locations":[{"start":{"line":183,"column":6},"end":{"line":185,"column":7}}]},"7":{"loc":{"start":{"line":187,"column":6},"end":{"line":189,"column":7}},"type":"if","locations":[{"start":{"line":187,"column":6},"end":{"line":189,"column":7}}]},"8":{"loc":{"start":{"line":324,"column":6},"end":{"line":326,"column":7}},"type":"if","locations":[{"start":{"line":324,"column":6},"end":{"line":326,"column":7}}]},"9":{"loc":{"start":{"line":324,"column":10},"end":{"line":324,"column":42}},"type":"binary-expr","locations":[{"start":{"line":324,"column":10},"end":{"line":324,"column":19}},{"start":{"line":324,"column":23},"end":{"line":324,"column":29}},{"start":{"line":324,"column":33},"end":{"line":324,"column":42}}]},"10":{"loc":{"start":{"line":329,"column":6},"end":{"line":331,"column":7}},"type":"if","locations":[{"start":{"line":329,"column":6},"end":{"line":331,"column":7}}]},"11":{"loc":{"start":{"line":333,"column":6},"end":{"line":335,"column":7}},"type":"if","locations":[{"start":{"line":333,"column":6},"end":{"line":335,"column":7}}]},"12":{"loc":{"start":{"line":336,"column":6},"end":{"line":338,"column":7}},"type":"if","locations":[{"start":{"line":336,"column":6},"end":{"line":338,"column":7}}]},"13":{"loc":{"start":{"line":339,"column":6},"end":{"line":341,"column":7}},"type":"if","locations":[{"start":{"line":339,"column":6},"end":{"line":341,"column":7}}]},"14":{"loc":{"start":{"line":408,"column":6},"end":{"line":410,"column":7}},"type":"if","locations":[{"start":{"line":408,"column":6},"end":{"line":410,"column":7}}]}},"s":{"0":1,"1":1,"2":1,"3":1,"4":1,"5":3,"6":3,"7":3,"8":1,"9":2,"10":2,"11":1,"12":1,"13":1,"14":1,"15":1,"16":0,"17":0,"18":0,"19":0,"20":0,"21":0,"22":0,"23":0,"24":0,"25":0,"26":0,"27":0,"28":0,"29":0,"30":0,"31":0,"32":2,"33":2,"34":1,"35":1,"36":1,"37":3,"38":3,"39":3,"40":3,"41":0,"42":0,"43":0,"44":0,"45":0,"46":0,"47":0,"48":0,"49":0,"50":0,"51":0,"52":0,"53":0,"54":3,"55":3,"56":2,"57":2,"58":2,"59":2,"60":1,"61":1,"62":0,"63":0,"64":1},"f":{"0":3,"1":0,"2":2,"3":3,"4":2},"b":{"0":[1],"1":[3,2,2],"2":[1],"3":[0],"4":[0,0,0],"5":[0,0],"6":[0],"7":[0],"8":[0],"9":[0,0,0],"10":[0],"11":[0],"12":[0],"13":[0],"14":[1]}}
,"C:\\Users\\USER\\OneDrive\\Desktop\\my-Brand API\\my-brand-api\\src\\database\\db.ts": {"path":"C:\\Users\\USER\\OneDrive\\Desktop\\my-Brand API\\my-brand-api\\src\\database\\db.ts","statementMap":{"0":{"start":{"line":1,"column":0},"end":{"line":1,"column":32}},"1":{"start":{"line":2,"column":0},"end":{"line":2,"column":28}},"2":{"start":{"line":3,"column":0},"end":{"line":3,"column":16}},"3":{"start":{"line":4,"column":12},"end":{"line":4,"column":45}},"4":{"start":{"line":5,"column":18},"end":{"line":12,"column":2}},"5":{"start":{"line":5,"column":29},"end":{"line":12,"column":2}},"6":{"start":{"line":6,"column":2},"end":{"line":11,"column":3}},"7":{"start":{"line":7,"column":4},"end":{"line":7,"column":32}},"8":{"start":{"line":8,"column":4},"end":{"line":8,"column":41}},"9":{"start":{"line":10,"column":4},"end":{"line":10,"column":54}},"10":{"start":{"line":14,"column":0},"end":{"line":14,"column":25}}},"fnMap":{"0":{"name":"(anonymous_8)","decl":{"start":{"line":5,"column":18},"end":{"line":5,"column":27}},"loc":{"start":{"line":5,"column":29},"end":{"line":12,"column":2}}},"1":{"name":"(anonymous_9)","decl":{"start":{"line":5,"column":29},"end":{"line":5,"column":null}},"loc":{"start":{"line":5,"column":29},"end":{"line":12,"column":1}}}},"branchMap":{},"s":{"0":1,"1":1,"2":1,"3":1,"4":1,"5":2,"6":2,"7":2,"8":2,"9":0,"10":1},"f":{"0":2,"1":2},"b":{}}
,"C:\\Users\\USER\\OneDrive\\Desktop\\my-Brand API\\my-brand-api\\src\\middlewares\\midwerror.ts": {"path":"C:\\Users\\USER\\OneDrive\\Desktop\\my-Brand API\\my-brand-api\\src\\middlewares\\midwerror.ts","statementMap":{"0":{"start":{"line":3,"column":28},"end":{"line":6,"column":1}},"1":{"start":{"line":4,"column":4},"end":{"line":4,"column":29}},"2":{"start":{"line":5,"column":4},"end":{"line":5,"column":62}},"3":{"start":{"line":3,"column":13},"end":{"line":3,"column":28}}},"fnMap":{"0":{"name":"(anonymous_0)","decl":{"start":{"line":3,"column":28},"end":{"line":3,"column":29}},"loc":{"start":{"line":3,"column":92},"end":{"line":6,"column":1}}}},"branchMap":{},"s":{"0":1,"1":0,"2":0,"3":1},"f":{"0":0},"b":{}}
,"C:\\Users\\USER\\OneDrive\\Desktop\\my-Brand API\\my-brand-api\\src\\models\\blogPost.ts": {"path":"C:\\Users\\USER\\OneDrive\\Desktop\\my-Brand API\\my-brand-api\\src\\models\\blogPost.ts","statementMap":{"0":{"start":{"line":2,"column":0},"end":{"line":2,"column":53}},"1":{"start":{"line":10,"column":23},"end":{"line":15,"column":2}},"2":{"start":{"line":16,"column":16},"end":{"line":16,"column":69}},"3":{"start":{"line":19,"column":0},"end":{"line":19,"column":24}}},"fnMap":{},"branchMap":{},"s":{"0":1,"1":1,"2":1,"3":1},"f":{},"b":{}}
,"C:\\Users\\USER\\OneDrive\\Desktop\\my-Brand API\\my-brand-api\\src\\models\\comment.ts": {"path":"C:\\Users\\USER\\OneDrive\\Desktop\\my-Brand API\\my-brand-api\\src\\models\\comment.ts","statementMap":{"0":{"start":{"line":1,"column":0},"end":{"line":1,"column":54}},"1":{"start":{"line":8,"column":22},"end":{"line":11,"column":2}},"2":{"start":{"line":13,"column":16},"end":{"line":13,"column":66}},"3":{"start":{"line":15,"column":0},"end":{"line":15,"column":23}}},"fnMap":{},"branchMap":{},"s":{"0":1,"1":1,"2":1,"3":1},"f":{},"b":{}}
,"C:\\Users\\USER\\OneDrive\\Desktop\\my-Brand API\\my-brand-api\\src\\models\\userAc.ts": {"path":"C:\\Users\\USER\\OneDrive\\Desktop\\my-Brand API\\my-brand-api\\src\\models\\userAc.ts","statementMap":{"0":{"start":{"line":1,"column":0},"end":{"line":1,"column":54}},"1":{"start":{"line":8,"column":23},"end":{"line":12,"column":2}},"2":{"start":{"line":14,"column":15},"end":{"line":14,"column":66}},"3":{"start":{"line":16,"column":0},"end":{"line":16,"column":22}}},"fnMap":{},"branchMap":{},"s":{"0":1,"1":1,"2":1,"3":1},"f":{},"b":{}}
,"C:\\Users\\USER\\OneDrive\\Desktop\\my-Brand API\\my-brand-api\\src\\route\\blogRoutes.ts": {"path":"C:\\Users\\USER\\OneDrive\\Desktop\\my-Brand API\\my-brand-api\\src\\route\\blogRoutes.ts","statementMap":{"0":{"start":{"line":1,"column":0},"end":{"line":1,"column":53}},"1":{"start":{"line":2,"column":0},"end":{"line":2,"column":52}},"2":{"start":{"line":4,"column":15},"end":{"line":4,"column":31}},"3":{"start":{"line":5,"column":23},"end":{"line":5,"column":43}},"4":{"start":{"line":7,"column":0},"end":{"line":7,"column":56}},"5":{"start":{"line":8,"column":0},"end":{"line":8,"column":58}},"6":{"start":{"line":9,"column":0},"end":{"line":9,"column":63}},"7":{"start":{"line":10,"column":0},"end":{"line":10,"column":63}},"8":{"start":{"line":11,"column":0},"end":{"line":11,"column":66}},"9":{"start":{"line":13,"column":0},"end":{"line":13,"column":22}}},"fnMap":{},"branchMap":{},"s":{"0":1,"1":1,"2":1,"3":1,"4":1,"5":1,"6":1,"7":1,"8":1,"9":1},"f":{},"b":{}}
,"C:\\Users\\USER\\OneDrive\\Desktop\\my-Brand API\\my-brand-api\\src\\route\\commentRoutes.ts": {"path":"C:\\Users\\USER\\OneDrive\\Desktop\\my-Brand API\\my-brand-api\\src\\route\\commentRoutes.ts","statementMap":{"0":{"start":{"line":1,"column":0},"end":{"line":1,"column":30}},"1":{"start":{"line":2,"column":0},"end":{"line":2,"column":58}},"2":{"start":{"line":3,"column":0},"end":{"line":3,"column":51}},"3":{"start":{"line":6,"column":15},"end":{"line":6,"column":31}},"4":{"start":{"line":7,"column":26},"end":{"line":7,"column":49}},"5":{"start":{"line":9,"column":0},"end":{"line":9,"column":56}},"6":{"start":{"line":10,"column":0},"end":{"line":10,"column":62}},"7":{"start":{"line":11,"column":0},"end":{"line":11,"column":66}},"8":{"start":{"line":12,"column":0},"end":{"line":12,"column":85}},"9":{"start":{"line":13,"column":0},"end":{"line":13,"column":88}},"10":{"start":{"line":15,"column":0},"end":{"line":15,"column":22}}},"fnMap":{},"branchMap":{},"s":{"0":1,"1":1,"2":1,"3":1,"4":1,"5":1,"6":1,"7":1,"8":1,"9":1,"10":1},"f":{},"b":{}}
,"C:\\Users\\USER\\OneDrive\\Desktop\\my-Brand API\\my-brand-api\\src\\route\\connectRoutes.ts": {"path":"C:\\Users\\USER\\OneDrive\\Desktop\\my-Brand API\\my-brand-api\\src\\route\\connectRoutes.ts","statementMap":{"0":{"start":{"line":1,"column":0},"end":{"line":1,"column":30}},"1":{"start":{"line":2,"column":0},"end":{"line":2,"column":53}},"2":{"start":{"line":4,"column":15},"end":{"line":4,"column":31}},"3":{"start":{"line":6,"column":0},"end":{"line":6,"column":38}},"4":{"start":{"line":8,"column":0},"end":{"line":8,"column":22}}},"fnMap":{},"branchMap":{},"s":{"0":1,"1":1,"2":1,"3":1,"4":1},"f":{},"b":{}}
,"C:\\Users\\USER\\OneDrive\\Desktop\\my-Brand API\\my-brand-api\\src\\route\\userRoutes.ts": {"path":"C:\\Users\\USER\\OneDrive\\Desktop\\my-Brand API\\my-brand-api\\src\\route\\userRoutes.ts","statementMap":{"0":{"start":{"line":1,"column":0},"end":{"line":1,"column":30}},"1":{"start":{"line":2,"column":0},"end":{"line":2,"column":53}},"2":{"start":{"line":5,"column":15},"end":{"line":5,"column":31}},"3":{"start":{"line":6,"column":23},"end":{"line":6,"column":43}},"4":{"start":{"line":9,"column":0},"end":{"line":9,"column":53}},"5":{"start":{"line":10,"column":0},"end":{"line":10,"column":49}},"6":{"start":{"line":11,"column":0},"end":{"line":11,"column":51}},"7":{"start":{"line":12,"column":0},"end":{"line":12,"column":58}},"8":{"start":{"line":13,"column":0},"end":{"line":13,"column":59}},"9":{"start":{"line":15,"column":0},"end":{"line":15,"column":null}}},"fnMap":{},"branchMap":{},"s":{"0":1,"1":1,"2":1,"3":1,"4":1,"5":1,"6":1,"7":1,"8":1,"9":1},"f":{},"b":{}}
,"C:\\Users\\USER\\OneDrive\\Desktop\\my-Brand API\\my-brand-api\\src\\utils\\token.ts": {"path":"C:\\Users\\USER\\OneDrive\\Desktop\\my-Brand API\\my-brand-api\\src\\utils\\token.ts","statementMap":{"0":{"start":{"line":3,"column":0},"end":{"line":3,"column":41}},"1":{"start":{"line":10,"column":33},"end":{"line":26,"column":1}},"2":{"start":{"line":15,"column":20},"end":{"line":15,"column":48}},"3":{"start":{"line":16,"column":18},"end":{"line":16,"column":50}},"4":{"start":{"line":17,"column":4},"end":{"line":19,"column":5}},"5":{"start":{"line":18,"column":8},"end":{"line":18,"column":75}},"6":{"start":{"line":20,"column":4},"end":{"line":25,"column":5}},"7":{"start":{"line":21,"column":8},"end":{"line":21,"column":57}},"8":{"start":{"line":22,"column":8},"end":{"line":22,"column":15}},"9":{"start":{"line":24,"column":8},"end":{"line":24,"column":57}},"10":{"start":{"line":10,"column":13},"end":{"line":10,"column":33}}},"fnMap":{"0":{"name":"(anonymous_1)","decl":{"start":{"line":10,"column":33},"end":{"line":10,"column":null}},"loc":{"start":{"line":14,"column":4},"end":{"line":26,"column":1}}}},"branchMap":{"0":{"loc":{"start":{"line":16,"column":18},"end":{"line":16,"column":50}},"type":"binary-expr","locations":[{"start":{"line":16,"column":18},"end":{"line":16,"column":25}},{"start":{"line":16,"column":29},"end":{"line":16,"column":50}}]},"1":{"loc":{"start":{"line":17,"column":4},"end":{"line":19,"column":5}},"type":"if","locations":[{"start":{"line":17,"column":4},"end":{"line":19,"column":5}}]}},"s":{"0":1,"1":1,"2":0,"3":0,"4":0,"5":0,"6":0,"7":0,"8":0,"9":0,"10":1},"f":{"0":0},"b":{"0":[0,0],"1":[0]}}
}
