TN:
SF:src\app.ts
FN:35,(anonymous_1)
FNF:1
FNH:1
FNDA:1,(anonymous_1)
DA:1,1
DA:3,1
DA:4,1
DA:5,1
DA:6,1
DA:7,1
DA:8,1
DA:12,1
DA:13,1
DA:14,1
DA:16,1
DA:17,1
DA:20,1
DA:22,1
DA:23,1
DA:24,1
DA:26,1
DA:27,1
DA:28,1
DA:29,1
DA:30,1
DA:31,1
DA:32,1
DA:33,1
DA:35,1
DA:36,1
DA:38,1
LF:27
LH:27
BRDA:24,0,0,1
BRDA:24,0,1,0
BRF:2
BRH:1
end_of_record
TN:
SF:src\api-docs\swagger.ts
FNF:0
FNH:0
DA:1,1
DA:3,1
DA:30,1
LF:3
LH:3
BRF:0
BRH:0
end_of_record
TN:
SF:src\controller\blogCtrl.ts
FN:82,(anonymous_8)
FN:149,(anonymous_10)
FN:213,(anonymous_12)
FN:295,(anonymous_14)
FN:372,(anonymous_16)
FNF:5
FNH:4
FNDA:3,(anonymous_8)
FNDA:1,(anonymous_10)
FNDA:0,(anonymous_12)
FNDA:2,(anonymous_14)
FNDA:2,(anonymous_16)
DA:2,1
DA:3,1
DA:83,3
DA:84,3
DA:85,3
DA:86,1
DA:91,2
DA:92,2
DA:93,1
DA:97,1
DA:98,1
DA:99,1
DA:105,0
DA:150,1
DA:151,1
DA:152,1
DA:154,0
DA:214,0
DA:215,0
DA:216,0
DA:217,0
DA:218,0
DA:220,0
DA:222,0
DA:296,2
DA:297,2
DA:298,2
DA:299,2
DA:300,2
DA:301,1
DA:305,1
DA:306,1
DA:308,1
DA:309,1
DA:311,1
DA:312,1
DA:314,1
DA:315,1
DA:318,1
DA:319,1
DA:321,0
DA:373,2
DA:374,2
DA:375,2
DA:376,1
DA:378,1
DA:380,0
DA:384,1
LF:48
LH:37
BRDA:85,0,0,1
BRDA:85,1,0,3
BRDA:85,1,1,2
BRDA:85,1,2,2
BRDA:85,1,3,2
BRDA:92,2,0,1
BRDA:217,3,0,0
BRDA:300,4,0,1
BRDA:305,5,0,1
BRDA:308,6,0,1
BRDA:311,7,0,1
BRDA:314,8,0,1
BRDA:375,9,0,1
BRF:13
BRH:12
end_of_record
TN:
SF:src\controller\commentCtrl.ts
FN:53,(anonymous_8)
FN:147,(anonymous_10)
FN:207,(anonymous_12)
FN:289,(anonymous_14)
FN:365,(anonymous_16)
FNF:5
FNH:0
FNDA:0,(anonymous_8)
FNDA:0,(anonymous_10)
FNDA:0,(anonymous_12)
FNDA:0,(anonymous_14)
FNDA:0,(anonymous_16)
DA:4,1
DA:54,0
DA:55,0
DA:57,0
DA:58,0
DA:62,0
DA:66,0
DA:67,0
DA:69,0
DA:70,0
DA:148,0
DA:149,0
DA:150,0
DA:152,0
DA:153,0
DA:208,0
DA:210,0
DA:211,0
DA:212,0
DA:213,0
DA:215,0
DA:217,0
DA:218,0
DA:290,0
DA:291,0
DA:293,0
DA:294,0
DA:295,0
DA:296,0
DA:299,0
DA:300,0
DA:303,0
DA:304,0
DA:307,0
DA:308,0
DA:312,0
DA:313,0
DA:366,0
DA:368,0
DA:369,0
DA:370,0
DA:371,0
DA:374,0
DA:376,0
DA:377,0
DA:382,1
LF:46
LH:2
BRDA:57,0,0,0
BRDA:57,1,0,0
BRDA:57,1,1,0
BRDA:212,2,0,0
BRDA:295,3,0,0
BRDA:299,4,0,0
BRDA:303,5,0,0
BRDA:370,6,0,0
BRF:8
BRH:0
end_of_record
TN:
SF:src\controller\userCtrl.ts
FN:79,(anonymous_8)
FN:171,(anonymous_10)
FN:241,(anonymous_12)
FN:322,(anonymous_14)
FN:406,(anonymous_16)
FNF:5
FNH:4
FNDA:3,(anonymous_8)
FNDA:0,(anonymous_10)
FNDA:2,(anonymous_12)
FNDA:3,(anonymous_14)
FNDA:2,(anonymous_16)
DA:3,1
DA:4,1
DA:5,1
DA:6,1
DA:9,1
DA:80,3
DA:81,3
DA:83,3
DA:84,1
DA:87,2
DA:88,2
DA:89,1
DA:93,1
DA:96,1
DA:101,1
DA:102,1
DA:104,0
DA:105,0
DA:172,0
DA:173,0
DA:175,0
DA:176,0
DA:181,0
DA:184,0
DA:185,0
DA:187,0
DA:188,0
DA:189,0
DA:192,0
DA:196,0
DA:198,0
DA:199,0
DA:242,2
DA:243,2
DA:244,1
DA:246,1
DA:247,1
DA:323,3
DA:324,3
DA:325,3
DA:326,3
DA:327,0
DA:328,0
DA:330,0
DA:332,0
DA:333,0
DA:336,0
DA:337,0
DA:339,0
DA:340,0
DA:342,0
DA:343,0
DA:346,0
DA:347,0
DA:351,3
DA:352,3
DA:407,2
DA:408,2
DA:410,2
DA:411,2
DA:412,1
DA:414,1
DA:416,0
DA:417,0
DA:422,1
LF:65
LH:34
BRDA:83,0,0,1
BRDA:83,1,0,3
BRDA:83,1,1,2
BRDA:83,1,2,2
BRDA:88,2,0,1
BRDA:175,3,0,0
BRDA:175,4,0,0
BRDA:175,4,1,0
BRDA:175,4,2,0
BRDA:181,5,0,0
BRDA:181,5,1,0
BRDA:184,6,0,0
BRDA:188,7,0,0
BRDA:327,8,0,0
BRDA:327,9,0,0
BRDA:327,9,1,0
BRDA:327,9,2,0
BRDA:332,10,0,0
BRDA:336,11,0,0
BRDA:339,12,0,0
BRDA:342,13,0,0
BRDA:411,14,0,1
BRF:22
BRH:6
end_of_record
TN:
SF:src\database\db.ts
FN:5,(anonymous_8)
FN:5,(anonymous_9)
FNF:2
FNH:2
FNDA:2,(anonymous_8)
FNDA:2,(anonymous_9)
DA:1,1
DA:2,1
DA:3,1
DA:4,1
DA:5,2
DA:6,2
DA:7,2
DA:8,2
DA:10,0
DA:14,1
LF:10
LH:9
BRF:0
BRH:0
end_of_record
TN:
SF:src\middlewares\midwerror.ts
FN:3,(anonymous_0)
FNF:1
FNH:0
FNDA:0,(anonymous_0)
DA:3,1
DA:4,0
DA:5,0
LF:3
LH:1
BRF:0
BRH:0
end_of_record
TN:
SF:src\models\blogPost.ts
FNF:0
FNH:0
DA:2,1
DA:10,1
DA:16,1
DA:19,1
LF:4
LH:4
BRF:0
BRH:0
end_of_record
TN:
SF:src\models\comment.ts
FNF:0
FNH:0
DA:1,1
DA:8,1
DA:13,1
DA:15,1
LF:4
LH:4
BRF:0
BRH:0
end_of_record
TN:
SF:src\models\userAc.ts
FNF:0
FNH:0
DA:1,1
DA:8,1
DA:14,1
DA:16,1
LF:4
LH:4
BRF:0
BRH:0
end_of_record
TN:
SF:src\route\blogRoutes.ts
FNF:0
FNH:0
DA:1,1
DA:2,1
DA:4,1
DA:5,1
DA:7,1
DA:8,1
DA:9,1
DA:10,1
DA:11,1
DA:13,1
LF:10
LH:10
BRF:0
BRH:0
end_of_record
TN:
SF:src\route\commentRoutes.ts
FNF:0
FNH:0
DA:1,1
DA:2,1
DA:3,1
DA:6,1
DA:7,1
DA:9,1
DA:10,1
DA:11,1
DA:12,1
DA:13,1
DA:15,1
LF:11
LH:11
BRF:0
BRH:0
end_of_record
TN:
SF:src\route\userRoutes.ts
FNF:0
FNH:0
DA:1,1
DA:2,1
DA:5,1
DA:6,1
DA:9,1
DA:10,1
DA:11,1
DA:12,1
DA:13,1
DA:15,1
LF:10
LH:10
BRF:0
BRH:0
end_of_record
TN:
SF:src\utils\token.ts
FN:25,(anonymous_1)
FNF:1
FNH:0
FNDA:0,(anonymous_1)
DA:18,1
DA:25,1
DA:30,0
DA:31,0
DA:32,0
DA:33,0
DA:35,0
DA:36,0
DA:37,0
DA:39,0
LF:10
LH:2
BRDA:31,0,0,0
BRDA:31,0,1,0
BRDA:32,1,0,0
BRF:3
BRH:0
end_of_record
